# Logfile created on 2011-12-25 23:36:21 +0000 by logger.rb/31641
D, [2011-12-25T23:44:59.206403 #31068] DEBUG -- :   [1m[36m (0.3ms)[0m  [1mselect sqlite_version(*)[0m
D, [2011-12-25T23:44:59.207772 #31068] DEBUG -- :   [1m[35m (0.4ms)[0m  CREATE TABLE "kue_settings" ("key" varchar(255), "value" text, "created_at" datetime, "updated_at" datetime) 
D, [2011-12-25T23:44:59.208228 #31068] DEBUG -- :   [1m[36m (0.0ms)[0m  [1mPRAGMA index_list("kue_settings")[0m
D, [2011-12-25T23:44:59.208616 #31068] DEBUG -- :   [1m[35m (0.2ms)[0m  CREATE UNIQUE INDEX "index_kue_settings_on_key" ON "kue_settings" ("key")
D, [2011-12-25T23:47:44.629646 #31068] DEBUG -- :   [1m[36m (0.3ms)[0m  [1mCREATE TABLE "kue_settings" ("key" varchar(255), "value" text, "created_at" datetime, "updated_at" datetime) [0m
D, [2011-12-25T23:47:44.629765 #31068] DEBUG -- : SQLite3::SQLException: table "kue_settings" already exists: CREATE TABLE "kue_settings" ("key" varchar(255), "value" text, "created_at" datetime, "updated_at" datetime) 
D, [2011-12-25T23:50:09.515895 #31151] DEBUG -- :   [1m[36m (0.2ms)[0m  [1mselect sqlite_version(*)[0m
D, [2011-12-25T23:50:09.516759 #31151] DEBUG -- :   [1m[35m (0.3ms)[0m  CREATE TABLE "kue_settings" ("key" varchar(255), "value" text, "created_at" datetime, "updated_at" datetime) 
D, [2011-12-25T23:50:09.517076 #31151] DEBUG -- :   [1m[36m (0.0ms)[0m  [1mPRAGMA index_list("kue_settings")[0m
D, [2011-12-25T23:50:09.517345 #31151] DEBUG -- :   [1m[35m (0.1ms)[0m  CREATE UNIQUE INDEX "index_kue_settings_on_key" ON "kue_settings" ("key")
D, [2011-12-25T23:50:39.188424 #31210] DEBUG -- :   [1m[36m (0.3ms)[0m  [1mselect sqlite_version(*)[0m
D, [2011-12-25T23:50:39.189198 #31210] DEBUG -- :   [1m[35m (0.2ms)[0m  CREATE TABLE "kue_settings" ("key" varchar(255), "value" text, "created_at" datetime, "updated_at" datetime) 
D, [2011-12-25T23:50:39.189492 #31210] DEBUG -- :   [1m[36m (0.0ms)[0m  [1mPRAGMA index_list("kue_settings")[0m
D, [2011-12-25T23:50:39.189740 #31210] DEBUG -- :   [1m[35m (0.1ms)[0m  CREATE UNIQUE INDEX "index_kue_settings_on_key" ON "kue_settings" ("key")
D, [2011-12-25T23:52:23.038757 #31269] DEBUG -- :   [1m[36m (0.4ms)[0m  [1mselect sqlite_version(*)[0m
D, [2011-12-25T23:52:23.039570 #31269] DEBUG -- :   [1m[35m (0.2ms)[0m  CREATE TABLE "kue_settings" ("key" varchar(255), "value" text, "created_at" datetime, "updated_at" datetime) 
D, [2011-12-25T23:52:23.039879 #31269] DEBUG -- :   [1m[36m (0.0ms)[0m  [1mPRAGMA index_list("kue_settings")[0m
D, [2011-12-25T23:52:23.040128 #31269] DEBUG -- :   [1m[35m (0.1ms)[0m  CREATE UNIQUE INDEX "index_kue_settings_on_key" ON "kue_settings" ("key")
D, [2011-12-25T23:53:33.720059 #31301] DEBUG -- :   [1m[36m (0.4ms)[0m  [1mselect sqlite_version(*)[0m
D, [2011-12-25T23:53:33.720861 #31301] DEBUG -- :   [1m[35m (0.2ms)[0m  CREATE TABLE "kue_settings" ("key" varchar(255), "value" text, "created_at" datetime, "updated_at" datetime) 
D, [2011-12-25T23:53:33.721188 #31301] DEBUG -- :   [1m[36m (0.0ms)[0m  [1mPRAGMA index_list("kue_settings")[0m
D, [2011-12-25T23:53:33.721444 #31301] DEBUG -- :   [1m[35m (0.1ms)[0m  CREATE UNIQUE INDEX "index_kue_settings_on_key" ON "kue_settings" ("key")
D, [2011-12-25T23:53:33.953673 #31301] DEBUG -- :   [1m[36mKueStore Load (36.2ms)[0m  [1mSELECT "kue_settings".* FROM "kue_settings" WHERE "kue_settings"."key" = 'key_one' LIMIT 1[0m
D, [2011-12-25T23:53:33.963333 #31301] DEBUG -- :   [1m[35mSQL (0.4ms)[0m  INSERT INTO "kue_settings" ("created_at", "key", "updated_at", "value") VALUES (?, ?, ?, ?)  [["created_at", 2011-12-25 23:53:33 UTC], ["key", :key_one], ["updated_at", 2011-12-25 23:53:33 UTC], ["value", nil]]
D, [2011-12-25T23:53:34.001579 #31301] DEBUG -- :   [1m[36m (0.2ms)[0m  [1mUPDATE "kue_settings" SET "value" = '--- Key One
...
', "updated_at" = '2011-12-25 23:53:33.999619' WHERE "kue_settings"."key" = 'key_one'[0m
D, [2011-12-25T23:53:34.002507 #31301] DEBUG -- :   [1m[35mKueStore Load (0.1ms)[0m  SELECT "kue_settings".* FROM "kue_settings" WHERE "kue_settings"."key" = ? LIMIT 1  [["key", :key_one]]
D, [2011-12-25T23:54:12.170837 #31355] DEBUG -- :   [1m[36m (0.4ms)[0m  [1mselect sqlite_version(*)[0m
D, [2011-12-25T23:54:12.171633 #31355] DEBUG -- :   [1m[35m (0.2ms)[0m  CREATE TABLE "kue_settings" ("key" varchar(255), "value" text, "created_at" datetime, "updated_at" datetime) 
D, [2011-12-25T23:54:12.171944 #31355] DEBUG -- :   [1m[36m (0.0ms)[0m  [1mPRAGMA index_list("kue_settings")[0m
D, [2011-12-25T23:54:12.172195 #31355] DEBUG -- :   [1m[35m (0.1ms)[0m  CREATE UNIQUE INDEX "index_kue_settings_on_key" ON "kue_settings" ("key")
D, [2011-12-25T23:54:12.336816 #31355] DEBUG -- :   [1m[36mKueStore Load (1.0ms)[0m  [1mSELECT "kue_settings".* FROM "kue_settings" WHERE "kue_settings"."key" = 'key_one' LIMIT 1[0m
D, [2011-12-25T23:54:12.343742 #31355] DEBUG -- :   [1m[35mSQL (0.3ms)[0m  INSERT INTO "kue_settings" ("created_at", "key", "updated_at", "value") VALUES (?, ?, ?, ?)  [["created_at", 2011-12-25 23:54:12 UTC], ["key", :key_one], ["updated_at", 2011-12-25 23:54:12 UTC], ["value", nil]]
D, [2011-12-25T23:54:12.345621 #31355] DEBUG -- :   [1m[36m (0.1ms)[0m  [1mUPDATE "kue_settings" SET "value" = '--- Key One
...
', "updated_at" = '2011-12-25 23:54:12.344477' WHERE "kue_settings"."key" = 'key_one'[0m
D, [2011-12-25T23:55:03.186178 #31407] DEBUG -- :   [1m[36m (0.3ms)[0m  [1mselect sqlite_version(*)[0m
D, [2011-12-25T23:55:03.187011 #31407] DEBUG -- :   [1m[35m (0.2ms)[0m  CREATE TABLE "kue_settings" ("key" varchar(255), "value" text, "created_at" datetime, "updated_at" datetime) 
D, [2011-12-25T23:55:03.187317 #31407] DEBUG -- :   [1m[36m (0.0ms)[0m  [1mPRAGMA index_list("kue_settings")[0m
D, [2011-12-25T23:55:03.187565 #31407] DEBUG -- :   [1m[35m (0.1ms)[0m  CREATE UNIQUE INDEX "index_kue_settings_on_key" ON "kue_settings" ("key")
D, [2011-12-25T23:55:03.353081 #31407] DEBUG -- :   [1m[36mKueStore Load (1.0ms)[0m  [1mSELECT "kue_settings".* FROM "kue_settings" WHERE "kue_settings"."key" = 'key_one' LIMIT 1[0m
D, [2011-12-25T23:55:03.360273 #31407] DEBUG -- :   [1m[35mSQL (0.3ms)[0m  INSERT INTO "kue_settings" ("created_at", "key", "updated_at", "value") VALUES (?, ?, ?, ?)  [["created_at", 2011-12-25 23:55:03 UTC], ["key", :key_one], ["updated_at", 2011-12-25 23:55:03 UTC], ["value", nil]]
D, [2011-12-25T23:55:03.362144 #31407] DEBUG -- :   [1m[36m (0.1ms)[0m  [1mUPDATE "kue_settings" SET "value" = '--- Key One
...
', "updated_at" = '2011-12-25 23:55:03.361022' WHERE "kue_settings"."key" = 'key_one'[0m
D, [2011-12-25T23:55:03.363341 #31407] DEBUG -- :   [1m[35mKueStore Load (0.1ms)[0m  SELECT "kue_settings".* FROM "kue_settings" WHERE "kue_settings"."key" = 'key_two' LIMIT 1
D, [2011-12-25T23:55:03.364341 #31407] DEBUG -- :   [1m[36mSQL (0.2ms)[0m  [1mINSERT INTO "kue_settings" ("created_at", "key", "updated_at", "value") VALUES (?, ?, ?, ?)[0m  [["created_at", 2011-12-25 23:55:03 UTC], ["key", :key_two], ["updated_at", 2011-12-25 23:55:03 UTC], ["value", nil]]
D, [2011-12-25T23:55:03.365286 #31407] DEBUG -- :   [1m[35m (0.1ms)[0m  UPDATE "kue_settings" SET "value" = '--- Key Two
...
', "updated_at" = '2011-12-25 23:55:03.364786' WHERE "kue_settings"."key" = 'key_two'
D, [2011-12-25T23:55:03.365829 #31407] DEBUG -- :   [1m[36mKueStore Load (0.1ms)[0m  [1mSELECT "kue_settings".* FROM "kue_settings" WHERE "kue_settings"."key" = ? LIMIT 1[0m  [["key", :key_two]]
D, [2011-12-25T23:56:31.634606 #31464] DEBUG -- :   [1m[36m (0.4ms)[0m  [1mselect sqlite_version(*)[0m
D, [2011-12-25T23:56:31.635387 #31464] DEBUG -- :   [1m[35m (0.2ms)[0m  CREATE TABLE "kue_settings" ("key" varchar(255), "value" text, "created_at" datetime, "updated_at" datetime) 
D, [2011-12-25T23:56:31.635685 #31464] DEBUG -- :   [1m[36m (0.0ms)[0m  [1mPRAGMA index_list("kue_settings")[0m
D, [2011-12-25T23:56:31.635960 #31464] DEBUG -- :   [1m[35m (0.2ms)[0m  CREATE UNIQUE INDEX "index_kue_settings_on_key" ON "kue_settings" ("key")
D, [2011-12-25T23:56:31.832396 #31464] DEBUG -- :   [1m[36mKueStore Load (1.0ms)[0m  [1mSELECT "kue_settings".* FROM "kue_settings" WHERE "kue_settings"."key" = 'key_one' LIMIT 1[0m
D, [2011-12-25T23:56:31.839332 #31464] DEBUG -- :   [1m[35mSQL (0.3ms)[0m  INSERT INTO "kue_settings" ("created_at", "key", "updated_at", "value") VALUES (?, ?, ?, ?)  [["created_at", 2011-12-25 23:56:31 UTC], ["key", :key_one], ["updated_at", 2011-12-25 23:56:31 UTC], ["value", nil]]
D, [2011-12-25T23:56:31.841196 #31464] DEBUG -- :   [1m[36m (0.1ms)[0m  [1mUPDATE "kue_settings" SET "value" = '--- Key One
...
', "updated_at" = '2011-12-25 23:56:31.840078' WHERE "kue_settings"."key" = 'key_one'[0m
D, [2011-12-25T23:56:31.843266 #31464] DEBUG -- :   [1m[35mKueStore Load (0.3ms)[0m  SELECT "kue_settings".* FROM "kue_settings" WHERE "kue_settings"."key" = 'key_two' LIMIT 1
D, [2011-12-25T23:56:31.844584 #31464] DEBUG -- :   [1m[36mSQL (0.2ms)[0m  [1mINSERT INTO "kue_settings" ("created_at", "key", "updated_at", "value") VALUES (?, ?, ?, ?)[0m  [["created_at", 2011-12-25 23:56:31 UTC], ["key", :key_two], ["updated_at", 2011-12-25 23:56:31 UTC], ["value", nil]]
D, [2011-12-25T23:56:31.845750 #31464] DEBUG -- :   [1m[35m (0.1ms)[0m  UPDATE "kue_settings" SET "value" = '--- Key Two
...
', "updated_at" = '2011-12-25 23:56:31.845128' WHERE "kue_settings"."key" = 'key_two'
D, [2011-12-25T23:56:31.846401 #31464] DEBUG -- :   [1m[36mKueStore Load (0.1ms)[0m  [1mSELECT "kue_settings".* FROM "kue_settings" WHERE "kue_settings"."key" = ? LIMIT 1[0m  [["key", :key_two]]
D, [2011-12-25T23:56:31.847738 #31464] DEBUG -- :   [1m[35mKueStore Load (0.1ms)[0m  SELECT "kue_settings".* FROM "kue_settings" WHERE "kue_settings"."key" = 'key_three' LIMIT 1
D, [2011-12-25T23:56:31.848997 #31464] DEBUG -- :   [1m[36mSQL (0.2ms)[0m  [1mINSERT INTO "kue_settings" ("created_at", "key", "updated_at", "value") VALUES (?, ?, ?, ?)[0m  [["created_at", 2011-12-25 23:56:31 UTC], ["key", :key_three], ["updated_at", 2011-12-25 23:56:31 UTC], ["value", nil]]
D, [2011-12-25T23:56:31.850396 #31464] DEBUG -- :   [1m[35m (0.1ms)[0m  UPDATE "kue_settings" SET "value" = '--- !ruby/module ''Math''
', "updated_at" = '2011-12-25 23:56:31.849593' WHERE "kue_settings"."key" = 'key_three'
D, [2011-12-25T23:56:31.851257 #31464] DEBUG -- :   [1m[36mKueStore Load (0.1ms)[0m  [1mSELECT "kue_settings".* FROM "kue_settings" WHERE "kue_settings"."key" = ? LIMIT 1[0m  [["key", :key_three]]
D, [2011-12-25T23:57:26.463134 #31527] DEBUG -- :   [1m[36m (0.4ms)[0m  [1mselect sqlite_version(*)[0m
D, [2011-12-25T23:57:26.463895 #31527] DEBUG -- :   [1m[35m (0.2ms)[0m  CREATE TABLE "kue_settings" ("key" varchar(255), "value" text, "created_at" datetime, "updated_at" datetime) 
D, [2011-12-25T23:57:26.464189 #31527] DEBUG -- :   [1m[36m (0.0ms)[0m  [1mPRAGMA index_list("kue_settings")[0m
D, [2011-12-25T23:57:26.464430 #31527] DEBUG -- :   [1m[35m (0.1ms)[0m  CREATE UNIQUE INDEX "index_kue_settings_on_key" ON "kue_settings" ("key")
D, [2011-12-25T23:57:26.665954 #31527] DEBUG -- :   [1m[36mKueStore Load (1.2ms)[0m  [1mSELECT "kue_settings".* FROM "kue_settings" WHERE "kue_settings"."key" = 'key_one' LIMIT 1[0m
D, [2011-12-25T23:57:26.673237 #31527] DEBUG -- :   [1m[35mSQL (0.4ms)[0m  INSERT INTO "kue_settings" ("created_at", "key", "updated_at", "value") VALUES (?, ?, ?, ?)  [["created_at", 2011-12-25 23:57:26 UTC], ["key", :key_one], ["updated_at", 2011-12-25 23:57:26 UTC], ["value", nil]]
D, [2011-12-25T23:57:26.675420 #31527] DEBUG -- :   [1m[36m (0.1ms)[0m  [1mUPDATE "kue_settings" SET "value" = '--- Key One
...
', "updated_at" = '2011-12-25 23:57:26.674120' WHERE "kue_settings"."key" = 'key_one'[0m
D, [2011-12-25T23:57:26.676818 #31527] DEBUG -- :   [1m[35mKueStore Load (0.2ms)[0m  SELECT "kue_settings".* FROM "kue_settings" WHERE "kue_settings"."key" = 'key_two' LIMIT 1
D, [2011-12-25T23:57:26.677922 #31527] DEBUG -- :   [1m[36mSQL (0.2ms)[0m  [1mINSERT INTO "kue_settings" ("created_at", "key", "updated_at", "value") VALUES (?, ?, ?, ?)[0m  [["created_at", 2011-12-25 23:57:26 UTC], ["key", :key_two], ["updated_at", 2011-12-25 23:57:26 UTC], ["value", nil]]
D, [2011-12-25T23:57:26.679111 #31527] DEBUG -- :   [1m[35m (0.1ms)[0m  UPDATE "kue_settings" SET "value" = '--- Key Two
...
', "updated_at" = '2011-12-25 23:57:26.678476' WHERE "kue_settings"."key" = 'key_two'
D, [2011-12-25T23:57:26.679739 #31527] DEBUG -- :   [1m[36mKueStore Load (0.1ms)[0m  [1mSELECT "kue_settings".* FROM "kue_settings" WHERE "kue_settings"."key" = ? LIMIT 1[0m  [["key", :key_two]]
D, [2011-12-25T23:57:26.680989 #31527] DEBUG -- :   [1m[35mKueStore Load (0.1ms)[0m  SELECT "kue_settings".* FROM "kue_settings" WHERE "kue_settings"."key" = 'key_three' LIMIT 1
D, [2011-12-25T23:57:26.690559 #31527] DEBUG -- :   [1m[36mSQL (0.2ms)[0m  [1mINSERT INTO "kue_settings" ("created_at", "key", "updated_at", "value") VALUES (?, ?, ?, ?)[0m  [["created_at", 2011-12-25 23:57:26 UTC], ["key", :key_three], ["updated_at", 2011-12-25 23:57:26 UTC], ["value", nil]]
D, [2011-12-25T23:57:26.691801 #31527] DEBUG -- :   [1m[35m (0.1ms)[0m  UPDATE "kue_settings" SET "value" = '--- !ruby/module ''Math''
', "updated_at" = '2011-12-25 23:57:26.691153' WHERE "kue_settings"."key" = 'key_three'
D, [2011-12-25T23:57:26.692405 #31527] DEBUG -- :   [1m[36mKueStore Load (0.0ms)[0m  [1mSELECT "kue_settings".* FROM "kue_settings" WHERE "kue_settings"."key" = ? LIMIT 1[0m  [["key", :key_three]]
D, [2011-12-25T23:58:53.826300 #31563] DEBUG -- :   [1m[36m (0.4ms)[0m  [1mselect sqlite_version(*)[0m
D, [2011-12-25T23:58:53.827087 #31563] DEBUG -- :   [1m[35m (0.2ms)[0m  CREATE TABLE "kue_settings" ("key" varchar(255), "value" text, "created_at" datetime, "updated_at" datetime) 
D, [2011-12-25T23:58:53.827380 #31563] DEBUG -- :   [1m[36m (0.0ms)[0m  [1mPRAGMA index_list("kue_settings")[0m
D, [2011-12-25T23:58:53.827640 #31563] DEBUG -- :   [1m[35m (0.1ms)[0m  CREATE UNIQUE INDEX "index_kue_settings_on_key" ON "kue_settings" ("key")
D, [2011-12-25T23:58:54.088081 #31563] DEBUG -- :   [1m[36mKueStore Load (1.2ms)[0m  [1mSELECT "kue_settings".* FROM "kue_settings" WHERE "kue_settings"."key" = 'key_one' LIMIT 1[0m
D, [2011-12-25T23:58:54.096943 #31563] DEBUG -- :   [1m[35mSQL (0.4ms)[0m  INSERT INTO "kue_settings" ("created_at", "key", "updated_at", "value") VALUES (?, ?, ?, ?)  [["created_at", 2011-12-25 23:58:54 UTC], ["key", :key_one], ["updated_at", 2011-12-25 23:58:54 UTC], ["value", nil]]
D, [2011-12-25T23:58:54.098874 #31563] DEBUG -- :   [1m[36m (0.1ms)[0m  [1mUPDATE "kue_settings" SET "value" = '--- Key One
...
', "updated_at" = '2011-12-25 23:58:54.097757' WHERE "kue_settings"."key" = 'key_one'[0m
D, [2011-12-25T23:58:54.100149 #31563] DEBUG -- :   [1m[35mKueStore Load (0.1ms)[0m  SELECT "kue_settings".* FROM "kue_settings" WHERE "kue_settings"."key" = 'key_two' LIMIT 1
D, [2011-12-25T23:58:54.101324 #31563] DEBUG -- :   [1m[36mSQL (0.2ms)[0m  [1mINSERT INTO "kue_settings" ("created_at", "key", "updated_at", "value") VALUES (?, ?, ?, ?)[0m  [["created_at", 2011-12-25 23:58:54 UTC], ["key", :key_two], ["updated_at", 2011-12-25 23:58:54 UTC], ["value", nil]]
D, [2011-12-25T23:58:54.102379 #31563] DEBUG -- :   [1m[35m (0.1ms)[0m  UPDATE "kue_settings" SET "value" = '--- Key Two
...
', "updated_at" = '2011-12-25 23:58:54.101810' WHERE "kue_settings"."key" = 'key_two'
D, [2011-12-25T23:58:54.102957 #31563] DEBUG -- :   [1m[36mKueStore Load (0.1ms)[0m  [1mSELECT "kue_settings".* FROM "kue_settings" WHERE "kue_settings"."key" = ? LIMIT 1[0m  [["key", :key_two]]
D, [2011-12-25T23:58:54.104300 #31563] DEBUG -- :   [1m[35mKueStore Load (0.1ms)[0m  SELECT "kue_settings".* FROM "kue_settings" WHERE "kue_settings"."key" = 'key_three' LIMIT 1
D, [2011-12-25T23:58:54.105453 #31563] DEBUG -- :   [1m[36mSQL (0.2ms)[0m  [1mINSERT INTO "kue_settings" ("created_at", "key", "updated_at", "value") VALUES (?, ?, ?, ?)[0m  [["created_at", 2011-12-25 23:58:54 UTC], ["key", :key_three], ["updated_at", 2011-12-25 23:58:54 UTC], ["value", nil]]
D, [2011-12-25T23:58:54.106606 #31563] DEBUG -- :   [1m[35m (0.1ms)[0m  UPDATE "kue_settings" SET "value" = '--- !ruby/module ''Math''
', "updated_at" = '2011-12-25 23:58:54.105983' WHERE "kue_settings"."key" = 'key_three'
D, [2011-12-25T23:58:54.107302 #31563] DEBUG -- :   [1m[36mKueStore Load (0.1ms)[0m  [1mSELECT "kue_settings".* FROM "kue_settings" WHERE "kue_settings"."key" = ? LIMIT 1[0m  [["key", :key_three]]
D, [2011-12-25T23:58:54.108754 #31563] DEBUG -- :   [1m[35mKueStore Load (0.1ms)[0m  SELECT "kue_settings".* FROM "kue_settings" WHERE "kue_settings"."key" = ? LIMIT 1  [["key", :non_existant]]
D, [2011-12-25T23:59:38.898653 #31595] DEBUG -- :   [1m[36m (0.3ms)[0m  [1mselect sqlite_version(*)[0m
D, [2011-12-25T23:59:38.899411 #31595] DEBUG -- :   [1m[35m (0.2ms)[0m  CREATE TABLE "kue_settings" ("key" varchar(255), "value" text, "created_at" datetime, "updated_at" datetime) 
D, [2011-12-25T23:59:38.899706 #31595] DEBUG -- :   [1m[36m (0.0ms)[0m  [1mPRAGMA index_list("kue_settings")[0m
D, [2011-12-25T23:59:38.900129 #31595] DEBUG -- :   [1m[35m (0.2ms)[0m  CREATE UNIQUE INDEX "index_kue_settings_on_key" ON "kue_settings" ("key")
D, [2011-12-25T23:59:39.111678 #31595] DEBUG -- :   [1m[36mKueStore Load (1.0ms)[0m  [1mSELECT "kue_settings".* FROM "kue_settings" WHERE "kue_settings"."key" = 'key_one' LIMIT 1[0m
D, [2011-12-25T23:59:39.118582 #31595] DEBUG -- :   [1m[35mSQL (0.3ms)[0m  INSERT INTO "kue_settings" ("created_at", "key", "updated_at", "value") VALUES (?, ?, ?, ?)  [["created_at", 2011-12-25 23:59:39 UTC], ["key", :key_one], ["updated_at", 2011-12-25 23:59:39 UTC], ["value", nil]]
D, [2011-12-25T23:59:39.120471 #31595] DEBUG -- :   [1m[36m (0.1ms)[0m  [1mUPDATE "kue_settings" SET "value" = '--- Key One
...
', "updated_at" = '2011-12-25 23:59:39.119343' WHERE "kue_settings"."key" = 'key_one'[0m
D, [2011-12-25T23:59:39.121668 #31595] DEBUG -- :   [1m[35mKueStore Load (0.1ms)[0m  SELECT "kue_settings".* FROM "kue_settings" WHERE "kue_settings"."key" = 'key_two' LIMIT 1
D, [2011-12-25T23:59:39.122635 #31595] DEBUG -- :   [1m[36mSQL (0.1ms)[0m  [1mINSERT INTO "kue_settings" ("created_at", "key", "updated_at", "value") VALUES (?, ?, ?, ?)[0m  [["created_at", 2011-12-25 23:59:39 UTC], ["key", :key_two], ["updated_at", 2011-12-25 23:59:39 UTC], ["value", nil]]
D, [2011-12-25T23:59:39.123626 #31595] DEBUG -- :   [1m[35m (0.1ms)[0m  UPDATE "kue_settings" SET "value" = '--- Key Two
...
', "updated_at" = '2011-12-25 23:59:39.123106' WHERE "kue_settings"."key" = 'key_two'
D, [2011-12-25T23:59:39.124200 #31595] DEBUG -- :   [1m[36mKueStore Load (0.1ms)[0m  [1mSELECT "kue_settings".* FROM "kue_settings" WHERE "kue_settings"."key" = ? LIMIT 1[0m  [["key", :key_two]]
D, [2011-12-25T23:59:39.125397 #31595] DEBUG -- :   [1m[35mKueStore Load (0.1ms)[0m  SELECT "kue_settings".* FROM "kue_settings" WHERE "kue_settings"."key" = 'key_three' LIMIT 1
D, [2011-12-25T23:59:39.126362 #31595] DEBUG -- :   [1m[36mSQL (0.2ms)[0m  [1mINSERT INTO "kue_settings" ("created_at", "key", "updated_at", "value") VALUES (?, ?, ?, ?)[0m  [["created_at", 2011-12-25 23:59:39 UTC], ["key", :key_three], ["updated_at", 2011-12-25 23:59:39 UTC], ["value", nil]]
D, [2011-12-25T23:59:39.127346 #31595] DEBUG -- :   [1m[35m (0.1ms)[0m  UPDATE "kue_settings" SET "value" = '--- !ruby/module ''Math''
', "updated_at" = '2011-12-25 23:59:39.126815' WHERE "kue_settings"."key" = 'key_three'
D, [2011-12-25T23:59:39.127882 #31595] DEBUG -- :   [1m[36mKueStore Load (0.0ms)[0m  [1mSELECT "kue_settings".* FROM "kue_settings" WHERE "kue_settings"."key" = ? LIMIT 1[0m  [["key", :key_three]]
D, [2011-12-25T23:59:39.128970 #31595] DEBUG -- :   [1m[35mKueStore Load (0.1ms)[0m  SELECT "kue_settings".* FROM "kue_settings" WHERE "kue_settings"."key" = ? LIMIT 1  [["key", :non_existant]]
D, [2011-12-25T23:59:39.129942 #31595] DEBUG -- :   [1m[36mKueStore Load (0.1ms)[0m  [1mSELECT "kue_settings".* FROM "kue_settings" WHERE "kue_settings"."key" = 'existant' LIMIT 1[0m
D, [2011-12-25T23:59:39.131044 #31595] DEBUG -- :   [1m[35mSQL (0.2ms)[0m  INSERT INTO "kue_settings" ("created_at", "key", "updated_at", "value") VALUES (?, ?, ?, ?)  [["created_at", 2011-12-25 23:59:39 UTC], ["key", :existant], ["updated_at", 2011-12-25 23:59:39 UTC], ["value", nil]]
D, [2011-12-25T23:59:39.132279 #31595] DEBUG -- :   [1m[36m (0.1ms)[0m  [1mUPDATE "kue_settings" SET "value" = '--- 109
...
', "updated_at" = '2011-12-25 23:59:39.131658' WHERE "kue_settings"."key" = 'existant'[0m
D, [2011-12-25T23:59:39.132761 #31595] DEBUG -- :   [1m[35mKueStore Load (0.0ms)[0m  SELECT "kue_settings".* FROM "kue_settings" WHERE "kue_settings"."key" = ? LIMIT 1  [["key", :existant]]
D, [2011-12-25T23:59:55.258430 #31626] DEBUG -- :   [1m[36m (0.3ms)[0m  [1mselect sqlite_version(*)[0m
D, [2011-12-25T23:59:55.259226 #31626] DEBUG -- :   [1m[35m (0.2ms)[0m  CREATE TABLE "kue_settings" ("key" varchar(255), "value" text, "created_at" datetime, "updated_at" datetime) 
D, [2011-12-25T23:59:55.259531 #31626] DEBUG -- :   [1m[36m (0.0ms)[0m  [1mPRAGMA index_list("kue_settings")[0m
D, [2011-12-25T23:59:55.259783 #31626] DEBUG -- :   [1m[35m (0.1ms)[0m  CREATE UNIQUE INDEX "index_kue_settings_on_key" ON "kue_settings" ("key")
D, [2011-12-25T23:59:55.482227 #31626] DEBUG -- :   [1m[36mKueStore Load (1.0ms)[0m  [1mSELECT "kue_settings".* FROM "kue_settings" WHERE "kue_settings"."key" = 'key_one' LIMIT 1[0m
D, [2011-12-25T23:59:55.491289 #31626] DEBUG -- :   [1m[35mSQL (0.3ms)[0m  INSERT INTO "kue_settings" ("created_at", "key", "updated_at", "value") VALUES (?, ?, ?, ?)  [["created_at", 2011-12-25 23:59:55 UTC], ["key", :key_one], ["updated_at", 2011-12-25 23:59:55 UTC], ["value", nil]]
D, [2011-12-25T23:59:55.493203 #31626] DEBUG -- :   [1m[36m (0.1ms)[0m  [1mUPDATE "kue_settings" SET "value" = '--- Key One
...
', "updated_at" = '2011-12-25 23:59:55.492062' WHERE "kue_settings"."key" = 'key_one'[0m
D, [2011-12-25T23:59:55.494429 #31626] DEBUG -- :   [1m[35mKueStore Load (0.1ms)[0m  SELECT "kue_settings".* FROM "kue_settings" WHERE "kue_settings"."key" = 'key_two' LIMIT 1
D, [2011-12-25T23:59:55.495497 #31626] DEBUG -- :   [1m[36mSQL (0.2ms)[0m  [1mINSERT INTO "kue_settings" ("created_at", "key", "updated_at", "value") VALUES (?, ?, ?, ?)[0m  [["created_at", 2011-12-25 23:59:55 UTC], ["key", :key_two], ["updated_at", 2011-12-25 23:59:55 UTC], ["value", nil]]
D, [2011-12-25T23:59:55.496689 #31626] DEBUG -- :   [1m[35m (0.1ms)[0m  UPDATE "kue_settings" SET "value" = '--- Key Two
...
', "updated_at" = '2011-12-25 23:59:55.496035' WHERE "kue_settings"."key" = 'key_two'
D, [2011-12-25T23:59:55.497393 #31626] DEBUG -- :   [1m[36mKueStore Load (0.1ms)[0m  [1mSELECT "kue_settings".* FROM "kue_settings" WHERE "kue_settings"."key" = ? LIMIT 1[0m  [["key", :key_two]]
D, [2011-12-25T23:59:55.498683 #31626] DEBUG -- :   [1m[35mKueStore Load (0.1ms)[0m  SELECT "kue_settings".* FROM "kue_settings" WHERE "kue_settings"."key" = 'key_three' LIMIT 1
D, [2011-12-25T23:59:55.499746 #31626] DEBUG -- :   [1m[36mSQL (0.2ms)[0m  [1mINSERT INTO "kue_settings" ("created_at", "key", "updated_at", "value") VALUES (?, ?, ?, ?)[0m  [["created_at", 2011-12-25 23:59:55 UTC], ["key", :key_three], ["updated_at", 2011-12-25 23:59:55 UTC], ["value", nil]]
D, [2011-12-25T23:59:55.501526 #31626] DEBUG -- :   [1m[35m (0.1ms)[0m  UPDATE "kue_settings" SET "value" = '--- !ruby/module ''Math''
', "updated_at" = '2011-12-25 23:59:55.500391' WHERE "kue_settings"."key" = 'key_three'
D, [2011-12-25T23:59:55.502221 #31626] DEBUG -- :   [1m[36mKueStore Load (0.1ms)[0m  [1mSELECT "kue_settings".* FROM "kue_settings" WHERE "kue_settings"."key" = ? LIMIT 1[0m  [["key", :key_three]]
D, [2011-12-25T23:59:55.503404 #31626] DEBUG -- :   [1m[35mKueStore Load (0.1ms)[0m  SELECT "kue_settings".* FROM "kue_settings" WHERE "kue_settings"."key" = ? LIMIT 1  [["key", :non_existant]]
D, [2011-12-25T23:59:55.504357 #31626] DEBUG -- :   [1m[36mKueStore Load (0.1ms)[0m  [1mSELECT "kue_settings".* FROM "kue_settings" WHERE "kue_settings"."key" = 'existant' LIMIT 1[0m
D, [2011-12-25T23:59:55.505286 #31626] DEBUG -- :   [1m[35mSQL (0.1ms)[0m  INSERT INTO "kue_settings" ("created_at", "key", "updated_at", "value") VALUES (?, ?, ?, ?)  [["created_at", 2011-12-25 23:59:55 UTC], ["key", :existant], ["updated_at", 2011-12-25 23:59:55 UTC], ["value", nil]]
D, [2011-12-25T23:59:55.506291 #31626] DEBUG -- :   [1m[36m (0.1ms)[0m  [1mUPDATE "kue_settings" SET "value" = '--- 109
...
', "updated_at" = '2011-12-25 23:59:55.505777' WHERE "kue_settings"."key" = 'existant'[0m
D, [2011-12-25T23:59:55.506735 #31626] DEBUG -- :   [1m[35mKueStore Load (0.0ms)[0m  SELECT "kue_settings".* FROM "kue_settings" WHERE "kue_settings"."key" = ? LIMIT 1  [["key", :existant]]
D, [2011-12-26T00:01:32.118615 #31659] DEBUG -- :   [1m[36m (0.4ms)[0m  [1mselect sqlite_version(*)[0m
D, [2011-12-26T00:01:32.119402 #31659] DEBUG -- :   [1m[35m (0.2ms)[0m  CREATE TABLE "kue_settings" ("key" varchar(255), "value" text, "created_at" datetime, "updated_at" datetime) 
D, [2011-12-26T00:01:32.119701 #31659] DEBUG -- :   [1m[36m (0.0ms)[0m  [1mPRAGMA index_list("kue_settings")[0m
D, [2011-12-26T00:01:32.119946 #31659] DEBUG -- :   [1m[35m (0.1ms)[0m  CREATE UNIQUE INDEX "index_kue_settings_on_key" ON "kue_settings" ("key")
D, [2011-12-26T00:01:32.319527 #31659] DEBUG -- :   [1m[36mKueStore Load (1.0ms)[0m  [1mSELECT "kue_settings".* FROM "kue_settings" WHERE "kue_settings"."key" = 'key_one' LIMIT 1[0m
D, [2011-12-26T00:01:32.326275 #31659] DEBUG -- :   [1m[35mSQL (0.3ms)[0m  INSERT INTO "kue_settings" ("created_at", "key", "updated_at", "value") VALUES (?, ?, ?, ?)  [["created_at", 2011-12-26 00:01:32 UTC], ["key", :key_one], ["updated_at", 2011-12-26 00:01:32 UTC], ["value", nil]]
D, [2011-12-26T00:01:32.328114 #31659] DEBUG -- :   [1m[36m (0.1ms)[0m  [1mUPDATE "kue_settings" SET "value" = '--- Key One
...
', "updated_at" = '2011-12-26 00:01:32.327015' WHERE "kue_settings"."key" = 'key_one'[0m
D, [2011-12-26T00:01:32.329309 #31659] DEBUG -- :   [1m[35mKueStore Load (0.1ms)[0m  SELECT "kue_settings".* FROM "kue_settings" WHERE "kue_settings"."key" = 'key_two' LIMIT 1
D, [2011-12-26T00:01:32.330280 #31659] DEBUG -- :   [1m[36mSQL (0.1ms)[0m  [1mINSERT INTO "kue_settings" ("created_at", "key", "updated_at", "value") VALUES (?, ?, ?, ?)[0m  [["created_at", 2011-12-26 00:01:32 UTC], ["key", :key_two], ["updated_at", 2011-12-26 00:01:32 UTC], ["value", nil]]
D, [2011-12-26T00:01:32.331257 #31659] DEBUG -- :   [1m[35m (0.1ms)[0m  UPDATE "kue_settings" SET "value" = '--- Key Two
...
', "updated_at" = '2011-12-26 00:01:32.330736' WHERE "kue_settings"."key" = 'key_two'
D, [2011-12-26T00:01:32.331799 #31659] DEBUG -- :   [1m[36mKueStore Load (0.1ms)[0m  [1mSELECT "kue_settings".* FROM "kue_settings" WHERE "kue_settings"."key" = ? LIMIT 1[0m  [["key", :key_two]]
D, [2011-12-26T00:01:32.332877 #31659] DEBUG -- :   [1m[35mKueStore Load (0.1ms)[0m  SELECT "kue_settings".* FROM "kue_settings" WHERE "kue_settings"."key" = 'key_three' LIMIT 1
D, [2011-12-26T00:01:32.333933 #31659] DEBUG -- :   [1m[36mSQL (0.2ms)[0m  [1mINSERT INTO "kue_settings" ("created_at", "key", "updated_at", "value") VALUES (?, ?, ?, ?)[0m  [["created_at", 2011-12-26 00:01:32 UTC], ["key", :key_three], ["updated_at", 2011-12-26 00:01:32 UTC], ["value", nil]]
D, [2011-12-26T00:01:32.334961 #31659] DEBUG -- :   [1m[35m (0.1ms)[0m  UPDATE "kue_settings" SET "value" = '--- !ruby/module ''Math''
', "updated_at" = '2011-12-26 00:01:32.334424' WHERE "kue_settings"."key" = 'key_three'
D, [2011-12-26T00:01:32.335546 #31659] DEBUG -- :   [1m[36mKueStore Load (0.0ms)[0m  [1mSELECT "kue_settings".* FROM "kue_settings" WHERE "kue_settings"."key" = ? LIMIT 1[0m  [["key", :key_three]]
D, [2011-12-26T00:01:32.336685 #31659] DEBUG -- :   [1m[35mKueStore Load (0.1ms)[0m  SELECT "kue_settings".* FROM "kue_settings" WHERE "kue_settings"."key" = ? LIMIT 1  [["key", :non_existant]]
D, [2011-12-26T00:01:32.337697 #31659] DEBUG -- :   [1m[36mKueStore Load (0.1ms)[0m  [1mSELECT "kue_settings".* FROM "kue_settings" WHERE "kue_settings"."key" = 'existant' LIMIT 1[0m
D, [2011-12-26T00:01:32.338753 #31659] DEBUG -- :   [1m[35mSQL (0.2ms)[0m  INSERT INTO "kue_settings" ("created_at", "key", "updated_at", "value") VALUES (?, ?, ?, ?)  [["created_at", 2011-12-26 00:01:32 UTC], ["key", :existant], ["updated_at", 2011-12-26 00:01:32 UTC], ["value", nil]]
D, [2011-12-26T00:01:32.340464 #31659] DEBUG -- :   [1m[36m (0.1ms)[0m  [1mUPDATE "kue_settings" SET "value" = '--- 109
...
', "updated_at" = '2011-12-26 00:01:32.339907' WHERE "kue_settings"."key" = 'existant'[0m
D, [2011-12-26T00:01:32.340939 #31659] DEBUG -- :   [1m[35mKueStore Load (0.0ms)[0m  SELECT "kue_settings".* FROM "kue_settings" WHERE "kue_settings"."key" = ? LIMIT 1  [["key", :existant]]
D, [2011-12-26T00:01:32.342292 #31659] DEBUG -- :   [1m[36mKueStore Load (0.1ms)[0m  [1mSELECT "kue_settings".* FROM "kue_settings" WHERE "kue_settings"."key" = 'delete_me' LIMIT 1[0m
D, [2011-12-26T00:01:32.343211 #31659] DEBUG -- :   [1m[35mSQL (0.2ms)[0m  INSERT INTO "kue_settings" ("created_at", "key", "updated_at", "value") VALUES (?, ?, ?, ?)  [["created_at", 2011-12-26 00:01:32 UTC], ["key", :delete_me], ["updated_at", 2011-12-26 00:01:32 UTC], ["value", nil]]
D, [2011-12-26T00:01:32.344113 #31659] DEBUG -- :   [1m[36m (0.1ms)[0m  [1mUPDATE "kue_settings" SET "value" = '--- 1098
...
', "updated_at" = '2011-12-26 00:01:32.343628' WHERE "kue_settings"."key" = 'delete_me'[0m
D, [2011-12-26T00:01:32.344565 #31659] DEBUG -- :   [1m[35mKueStore Load (0.0ms)[0m  SELECT "kue_settings".* FROM "kue_settings" WHERE "kue_settings"."key" = ? LIMIT 1  [["key", :delete_me]]
D, [2011-12-26T00:01:32.345356 #31659] DEBUG -- :   [1m[36mKueStore Load (0.0ms)[0m  [1mSELECT "kue_settings".* FROM "kue_settings" WHERE "kue_settings"."key" = ? LIMIT 1[0m  [["key", :delete_me]]
D, [2011-12-26T00:01:32.345760 #31659] DEBUG -- :   [1m[35mSQL (0.1ms)[0m  DELETE FROM "kue_settings" WHERE "kue_settings"."key" = ?  [["key", "delete_me"]]
D, [2011-12-26T00:01:32.346146 #31659] DEBUG -- :   [1m[36mKueStore Load (0.0ms)[0m  [1mSELECT "kue_settings".* FROM "kue_settings" WHERE "kue_settings"."key" = ? LIMIT 1[0m  [["key", :delete_me]]
D, [2011-12-26T00:02:07.380254 #31698] DEBUG -- :   [1m[36m (0.4ms)[0m  [1mselect sqlite_version(*)[0m
D, [2011-12-26T00:02:07.381029 #31698] DEBUG -- :   [1m[35m (0.2ms)[0m  CREATE TABLE "kue_settings" ("key" varchar(255), "value" text, "created_at" datetime, "updated_at" datetime) 
D, [2011-12-26T00:02:07.381457 #31698] DEBUG -- :   [1m[36m (0.1ms)[0m  [1mPRAGMA index_list("kue_settings")[0m
D, [2011-12-26T00:02:07.381757 #31698] DEBUG -- :   [1m[35m (0.2ms)[0m  CREATE UNIQUE INDEX "index_kue_settings_on_key" ON "kue_settings" ("key")
D, [2011-12-26T00:02:07.578832 #31698] DEBUG -- :   [1m[36mKueStore Load (1.0ms)[0m  [1mSELECT "kue_settings".* FROM "kue_settings" WHERE "kue_settings"."key" = 'key_one' LIMIT 1[0m
D, [2011-12-26T00:02:07.586360 #31698] DEBUG -- :   [1m[35mSQL (0.3ms)[0m  INSERT INTO "kue_settings" ("created_at", "key", "updated_at", "value") VALUES (?, ?, ?, ?)  [["created_at", 2011-12-26 00:02:07 UTC], ["key", :key_one], ["updated_at", 2011-12-26 00:02:07 UTC], ["value", nil]]
D, [2011-12-26T00:02:07.588716 #31698] DEBUG -- :   [1m[36m (0.4ms)[0m  [1mUPDATE "kue_settings" SET "value" = '--- Key One
...
', "updated_at" = '2011-12-26 00:02:07.587109' WHERE "kue_settings"."key" = 'key_one'[0m
D, [2011-12-26T00:02:07.590241 #31698] DEBUG -- :   [1m[35mKueStore Load (0.2ms)[0m  SELECT "kue_settings".* FROM "kue_settings" WHERE "kue_settings"."key" = 'key_two' LIMIT 1
D, [2011-12-26T00:02:07.591477 #31698] DEBUG -- :   [1m[36mSQL (0.2ms)[0m  [1mINSERT INTO "kue_settings" ("created_at", "key", "updated_at", "value") VALUES (?, ?, ?, ?)[0m  [["created_at", 2011-12-26 00:02:07 UTC], ["key", :key_two], ["updated_at", 2011-12-26 00:02:07 UTC], ["value", nil]]
D, [2011-12-26T00:02:07.592708 #31698] DEBUG -- :   [1m[35m (0.1ms)[0m  UPDATE "kue_settings" SET "value" = '--- Key Two
...
', "updated_at" = '2011-12-26 00:02:07.592064' WHERE "kue_settings"."key" = 'key_two'
D, [2011-12-26T00:02:07.593277 #31698] DEBUG -- :   [1m[36mKueStore Load (0.1ms)[0m  [1mSELECT "kue_settings".* FROM "kue_settings" WHERE "kue_settings"."key" = ? LIMIT 1[0m  [["key", :key_two]]
D, [2011-12-26T00:02:07.594655 #31698] DEBUG -- :   [1m[35mKueStore Load (0.1ms)[0m  SELECT "kue_settings".* FROM "kue_settings" WHERE "kue_settings"."key" = 'key_three' LIMIT 1
D, [2011-12-26T00:02:07.595831 #31698] DEBUG -- :   [1m[36mSQL (0.2ms)[0m  [1mINSERT INTO "kue_settings" ("created_at", "key", "updated_at", "value") VALUES (?, ?, ?, ?)[0m  [["created_at", 2011-12-26 00:02:07 UTC], ["key", :key_three], ["updated_at", 2011-12-26 00:02:07 UTC], ["value", nil]]
D, [2011-12-26T00:02:07.597057 #31698] DEBUG -- :   [1m[35m (0.1ms)[0m  UPDATE "kue_settings" SET "value" = '--- !ruby/module ''Math''
', "updated_at" = '2011-12-26 00:02:07.596398' WHERE "kue_settings"."key" = 'key_three'
D, [2011-12-26T00:02:07.597674 #31698] DEBUG -- :   [1m[36mKueStore Load (0.1ms)[0m  [1mSELECT "kue_settings".* FROM "kue_settings" WHERE "kue_settings"."key" = ? LIMIT 1[0m  [["key", :key_three]]
D, [2011-12-26T00:02:07.598988 #31698] DEBUG -- :   [1m[35mKueStore Load (0.1ms)[0m  SELECT "kue_settings".* FROM "kue_settings" WHERE "kue_settings"."key" = ? LIMIT 1  [["key", :non_existant]]
D, [2011-12-26T00:02:07.599928 #31698] DEBUG -- :   [1m[36mKueStore Load (0.1ms)[0m  [1mSELECT "kue_settings".* FROM "kue_settings" WHERE "kue_settings"."key" = 'existant' LIMIT 1[0m
D, [2011-12-26T00:02:07.600996 #31698] DEBUG -- :   [1m[35mSQL (0.2ms)[0m  INSERT INTO "kue_settings" ("created_at", "key", "updated_at", "value") VALUES (?, ?, ?, ?)  [["created_at", 2011-12-26 00:02:07 UTC], ["key", :existant], ["updated_at", 2011-12-26 00:02:07 UTC], ["value", nil]]
D, [2011-12-26T00:02:07.602189 #31698] DEBUG -- :   [1m[36m (0.1ms)[0m  [1mUPDATE "kue_settings" SET "value" = '--- 109
...
', "updated_at" = '2011-12-26 00:02:07.601552' WHERE "kue_settings"."key" = 'existant'[0m
D, [2011-12-26T00:02:07.602955 #31698] DEBUG -- :   [1m[35mKueStore Load (0.1ms)[0m  SELECT "kue_settings".* FROM "kue_settings" WHERE "kue_settings"."key" = ? LIMIT 1  [["key", :existant]]
D, [2011-12-26T00:02:07.604911 #31698] DEBUG -- :   [1m[36mKueStore Load (0.2ms)[0m  [1mSELECT "kue_settings".* FROM "kue_settings" WHERE "kue_settings"."key" = 'delete_me' LIMIT 1[0m
D, [2011-12-26T00:02:07.605933 #31698] DEBUG -- :   [1m[35mSQL (0.1ms)[0m  INSERT INTO "kue_settings" ("created_at", "key", "updated_at", "value") VALUES (?, ?, ?, ?)  [["created_at", 2011-12-26 00:02:07 UTC], ["key", :delete_me], ["updated_at", 2011-12-26 00:02:07 UTC], ["value", nil]]
D, [2011-12-26T00:02:07.606958 #31698] DEBUG -- :   [1m[36m (0.1ms)[0m  [1mUPDATE "kue_settings" SET "value" = '--- 1098
...
', "updated_at" = '2011-12-26 00:02:07.606411' WHERE "kue_settings"."key" = 'delete_me'[0m
D, [2011-12-26T00:02:07.607447 #31698] DEBUG -- :   [1m[35mKueStore Load (0.1ms)[0m  SELECT "kue_settings".* FROM "kue_settings" WHERE "kue_settings"."key" = ? LIMIT 1  [["key", :delete_me]]
D, [2011-12-26T00:02:07.608299 #31698] DEBUG -- :   [1m[36mKueStore Load (0.1ms)[0m  [1mSELECT "kue_settings".* FROM "kue_settings" WHERE "kue_settings"."key" = ? LIMIT 1[0m  [["key", :delete_me]]
D, [2011-12-26T00:02:07.608772 #31698] DEBUG -- :   [1m[35mSQL (0.1ms)[0m  DELETE FROM "kue_settings" WHERE "kue_settings"."key" = ?  [["key", "delete_me"]]
D, [2011-12-26T00:02:07.609426 #31698] DEBUG -- :   [1m[36mKueStore Load (0.0ms)[0m  [1mSELECT "kue_settings".* FROM "kue_settings" WHERE "kue_settings"."key" = ? LIMIT 1[0m  [["key", :delete_me]]
D, [2011-12-26T00:03:04.697290 #31729] DEBUG -- :   [1m[36m (0.3ms)[0m  [1mselect sqlite_version(*)[0m
D, [2011-12-26T00:03:04.698099 #31729] DEBUG -- :   [1m[35m (0.2ms)[0m  CREATE TABLE "kue_settings" ("key" varchar(255), "value" text, "created_at" datetime, "updated_at" datetime) 
D, [2011-12-26T00:03:04.698407 #31729] DEBUG -- :   [1m[36m (0.0ms)[0m  [1mPRAGMA index_list("kue_settings")[0m
D, [2011-12-26T00:03:04.698684 #31729] DEBUG -- :   [1m[35m (0.2ms)[0m  CREATE UNIQUE INDEX "index_kue_settings_on_key" ON "kue_settings" ("key")
D, [2011-12-26T00:03:04.883652 #31729] DEBUG -- :   [1m[36mKueStore Load (1.0ms)[0m  [1mSELECT "kue_settings".* FROM "kue_settings" WHERE "kue_settings"."key" = 'key_one' LIMIT 1[0m
D, [2011-12-26T00:03:04.890647 #31729] DEBUG -- :   [1m[35mSQL (0.3ms)[0m  INSERT INTO "kue_settings" ("created_at", "key", "updated_at", "value") VALUES (?, ?, ?, ?)  [["created_at", 2011-12-26 00:03:04 UTC], ["key", :key_one], ["updated_at", 2011-12-26 00:03:04 UTC], ["value", nil]]
D, [2011-12-26T00:03:04.892561 #31729] DEBUG -- :   [1m[36m (0.1ms)[0m  [1mUPDATE "kue_settings" SET "value" = '--- Key One
...
', "updated_at" = '2011-12-26 00:03:04.891419' WHERE "kue_settings"."key" = 'key_one'[0m
D, [2011-12-26T00:03:04.893753 #31729] DEBUG -- :   [1m[35mKueStore Load (0.1ms)[0m  SELECT "kue_settings".* FROM "kue_settings" WHERE "kue_settings"."key" = 'key_two' LIMIT 1
D, [2011-12-26T00:03:04.894774 #31729] DEBUG -- :   [1m[36mSQL (0.1ms)[0m  [1mINSERT INTO "kue_settings" ("created_at", "key", "updated_at", "value") VALUES (?, ?, ?, ?)[0m  [["created_at", 2011-12-26 00:03:04 UTC], ["key", :key_two], ["updated_at", 2011-12-26 00:03:04 UTC], ["value", nil]]
D, [2011-12-26T00:03:04.895743 #31729] DEBUG -- :   [1m[35m (0.1ms)[0m  UPDATE "kue_settings" SET "value" = '--- Key Two
...
', "updated_at" = '2011-12-26 00:03:04.895228' WHERE "kue_settings"."key" = 'key_two'
D, [2011-12-26T00:03:04.896270 #31729] DEBUG -- :   [1m[36mKueStore Load (0.1ms)[0m  [1mSELECT "kue_settings".* FROM "kue_settings" WHERE "kue_settings"."key" = ? LIMIT 1[0m  [["key", :key_two]]
D, [2011-12-26T00:03:04.897405 #31729] DEBUG -- :   [1m[35mKueStore Load (0.1ms)[0m  SELECT "kue_settings".* FROM "kue_settings" WHERE "kue_settings"."key" = 'key_three' LIMIT 1
D, [2011-12-26T00:03:04.898412 #31729] DEBUG -- :   [1m[36mSQL (0.2ms)[0m  [1mINSERT INTO "kue_settings" ("created_at", "key", "updated_at", "value") VALUES (?, ?, ?, ?)[0m  [["created_at", 2011-12-26 00:03:04 UTC], ["key", :key_three], ["updated_at", 2011-12-26 00:03:04 UTC], ["value", nil]]
D, [2011-12-26T00:03:04.899395 #31729] DEBUG -- :   [1m[35m (0.1ms)[0m  UPDATE "kue_settings" SET "value" = '--- !ruby/module ''Math''
', "updated_at" = '2011-12-26 00:03:04.898869' WHERE "kue_settings"."key" = 'key_three'
D, [2011-12-26T00:03:04.899923 #31729] DEBUG -- :   [1m[36mKueStore Load (0.0ms)[0m  [1mSELECT "kue_settings".* FROM "kue_settings" WHERE "kue_settings"."key" = ? LIMIT 1[0m  [["key", :key_three]]
D, [2011-12-26T00:03:04.901007 #31729] DEBUG -- :   [1m[35mKueStore Load (0.1ms)[0m  SELECT "kue_settings".* FROM "kue_settings" WHERE "kue_settings"."key" = ? LIMIT 1  [["key", :non_existant]]
D, [2011-12-26T00:03:04.901939 #31729] DEBUG -- :   [1m[36mKueStore Load (0.1ms)[0m  [1mSELECT "kue_settings".* FROM "kue_settings" WHERE "kue_settings"."key" = 'existant' LIMIT 1[0m
D, [2011-12-26T00:03:04.903016 #31729] DEBUG -- :   [1m[35mSQL (0.2ms)[0m  INSERT INTO "kue_settings" ("created_at", "key", "updated_at", "value") VALUES (?, ?, ?, ?)  [["created_at", 2011-12-26 00:03:04 UTC], ["key", :existant], ["updated_at", 2011-12-26 00:03:04 UTC], ["value", nil]]
D, [2011-12-26T00:03:04.904292 #31729] DEBUG -- :   [1m[36m (0.1ms)[0m  [1mUPDATE "kue_settings" SET "value" = '--- 109
...
', "updated_at" = '2011-12-26 00:03:04.903571' WHERE "kue_settings"."key" = 'existant'[0m
D, [2011-12-26T00:03:04.904991 #31729] DEBUG -- :   [1m[35mKueStore Load (0.1ms)[0m  SELECT "kue_settings".* FROM "kue_settings" WHERE "kue_settings"."key" = ? LIMIT 1  [["key", :existant]]
D, [2011-12-26T00:03:04.906686 #31729] DEBUG -- :   [1m[36mKueStore Load (0.1ms)[0m  [1mSELECT "kue_settings".* FROM "kue_settings" WHERE "kue_settings"."key" = 'delete_me' LIMIT 1[0m
D, [2011-12-26T00:03:04.907736 #31729] DEBUG -- :   [1m[35mSQL (0.2ms)[0m  INSERT INTO "kue_settings" ("created_at", "key", "updated_at", "value") VALUES (?, ?, ?, ?)  [["created_at", 2011-12-26 00:03:04 UTC], ["key", :delete_me], ["updated_at", 2011-12-26 00:03:04 UTC], ["value", nil]]
D, [2011-12-26T00:03:04.909047 #31729] DEBUG -- :   [1m[36m (0.1ms)[0m  [1mUPDATE "kue_settings" SET "value" = '--- 1098
...
', "updated_at" = '2011-12-26 00:03:04.908266' WHERE "kue_settings"."key" = 'delete_me'[0m
D, [2011-12-26T00:03:04.909638 #31729] DEBUG -- :   [1m[35mKueStore Load (0.1ms)[0m  SELECT "kue_settings".* FROM "kue_settings" WHERE "kue_settings"."key" = ? LIMIT 1  [["key", :delete_me]]
D, [2011-12-26T00:03:04.910576 #31729] DEBUG -- :   [1m[36mKueStore Load (0.1ms)[0m  [1mSELECT "kue_settings".* FROM "kue_settings" WHERE "kue_settings"."key" = ? LIMIT 1[0m  [["key", :delete_me]]
D, [2011-12-26T00:03:04.911242 #31729] DEBUG -- :   [1m[35mSQL (0.1ms)[0m  DELETE FROM "kue_settings" WHERE "kue_settings"."key" = ?  [["key", "delete_me"]]
D, [2011-12-26T00:03:04.911992 #31729] DEBUG -- :   [1m[36mKueStore Load (0.0ms)[0m  [1mSELECT "kue_settings".* FROM "kue_settings" WHERE "kue_settings"."key" = ? LIMIT 1[0m  [["key", :delete_me]]
D, [2011-12-26T00:03:04.913206 #31729] DEBUG -- :   [1m[35mKueStore Load (0.1ms)[0m  SELECT "kue_settings".* FROM "kue_settings" WHERE "kue_settings"."key" = ? LIMIT 1  [["key", :non_existant]]
D, [2011-12-26T00:03:28.678176 #31760] DEBUG -- :   [1m[36m (0.3ms)[0m  [1mselect sqlite_version(*)[0m
D, [2011-12-26T00:03:28.679053 #31760] DEBUG -- :   [1m[35m (0.3ms)[0m  CREATE TABLE "kue_settings" ("key" varchar(255), "value" text, "created_at" datetime, "updated_at" datetime) 
D, [2011-12-26T00:03:28.679389 #31760] DEBUG -- :   [1m[36m (0.0ms)[0m  [1mPRAGMA index_list("kue_settings")[0m
D, [2011-12-26T00:03:28.679677 #31760] DEBUG -- :   [1m[35m (0.2ms)[0m  CREATE UNIQUE INDEX "index_kue_settings_on_key" ON "kue_settings" ("key")
D, [2011-12-26T00:03:28.864677 #31760] DEBUG -- :   [1m[36mKueStore Load (1.0ms)[0m  [1mSELECT "kue_settings".* FROM "kue_settings" WHERE "kue_settings"."key" = 'key_one' LIMIT 1[0m
D, [2011-12-26T00:03:28.871439 #31760] DEBUG -- :   [1m[35mSQL (0.3ms)[0m  INSERT INTO "kue_settings" ("created_at", "key", "updated_at", "value") VALUES (?, ?, ?, ?)  [["created_at", 2011-12-26 00:03:28 UTC], ["key", :key_one], ["updated_at", 2011-12-26 00:03:28 UTC], ["value", nil]]
D, [2011-12-26T00:03:28.873490 #31760] DEBUG -- :   [1m[36m (0.1ms)[0m  [1mUPDATE "kue_settings" SET "value" = '--- Key One
...
', "updated_at" = '2011-12-26 00:03:28.872172' WHERE "kue_settings"."key" = 'key_one'[0m
D, [2011-12-26T00:03:28.874747 #31760] DEBUG -- :   [1m[35mKueStore Load (0.1ms)[0m  SELECT "kue_settings".* FROM "kue_settings" WHERE "kue_settings"."key" = 'key_two' LIMIT 1
D, [2011-12-26T00:03:28.875729 #31760] DEBUG -- :   [1m[36mSQL (0.2ms)[0m  [1mINSERT INTO "kue_settings" ("created_at", "key", "updated_at", "value") VALUES (?, ?, ?, ?)[0m  [["created_at", 2011-12-26 00:03:28 UTC], ["key", :key_two], ["updated_at", 2011-12-26 00:03:28 UTC], ["value", nil]]
D, [2011-12-26T00:03:28.876695 #31760] DEBUG -- :   [1m[35m (0.1ms)[0m  UPDATE "kue_settings" SET "value" = '--- Key Two
...
', "updated_at" = '2011-12-26 00:03:28.876179' WHERE "kue_settings"."key" = 'key_two'
D, [2011-12-26T00:03:28.877221 #31760] DEBUG -- :   [1m[36mKueStore Load (0.1ms)[0m  [1mSELECT "kue_settings".* FROM "kue_settings" WHERE "kue_settings"."key" = ? LIMIT 1[0m  [["key", :key_two]]
D, [2011-12-26T00:03:28.878347 #31760] DEBUG -- :   [1m[35mKueStore Load (0.1ms)[0m  SELECT "kue_settings".* FROM "kue_settings" WHERE "kue_settings"."key" = 'key_three' LIMIT 1
D, [2011-12-26T00:03:28.879320 #31760] DEBUG -- :   [1m[36mSQL (0.1ms)[0m  [1mINSERT INTO "kue_settings" ("created_at", "key", "updated_at", "value") VALUES (?, ?, ?, ?)[0m  [["created_at", 2011-12-26 00:03:28 UTC], ["key", :key_three], ["updated_at", 2011-12-26 00:03:28 UTC], ["value", nil]]
D, [2011-12-26T00:03:28.880360 #31760] DEBUG -- :   [1m[35m (0.1ms)[0m  UPDATE "kue_settings" SET "value" = '--- !ruby/module ''Math''
', "updated_at" = '2011-12-26 00:03:28.879779' WHERE "kue_settings"."key" = 'key_three'
D, [2011-12-26T00:03:28.880948 #31760] DEBUG -- :   [1m[36mKueStore Load (0.1ms)[0m  [1mSELECT "kue_settings".* FROM "kue_settings" WHERE "kue_settings"."key" = ? LIMIT 1[0m  [["key", :key_three]]
D, [2011-12-26T00:03:28.882062 #31760] DEBUG -- :   [1m[35mKueStore Load (0.1ms)[0m  SELECT "kue_settings".* FROM "kue_settings" WHERE "kue_settings"."key" = ? LIMIT 1  [["key", :non_existant]]
D, [2011-12-26T00:03:28.883029 #31760] DEBUG -- :   [1m[36mKueStore Load (0.1ms)[0m  [1mSELECT "kue_settings".* FROM "kue_settings" WHERE "kue_settings"."key" = 'existant' LIMIT 1[0m
D, [2011-12-26T00:03:28.884138 #31760] DEBUG -- :   [1m[35mSQL (0.2ms)[0m  INSERT INTO "kue_settings" ("created_at", "key", "updated_at", "value") VALUES (?, ?, ?, ?)  [["created_at", 2011-12-26 00:03:28 UTC], ["key", :existant], ["updated_at", 2011-12-26 00:03:28 UTC], ["value", nil]]
D, [2011-12-26T00:03:28.885410 #31760] DEBUG -- :   [1m[36m (0.1ms)[0m  [1mUPDATE "kue_settings" SET "value" = '--- 109
...
', "updated_at" = '2011-12-26 00:03:28.884744' WHERE "kue_settings"."key" = 'existant'[0m
D, [2011-12-26T00:03:28.885990 #31760] DEBUG -- :   [1m[35mKueStore Load (0.1ms)[0m  SELECT "kue_settings".* FROM "kue_settings" WHERE "kue_settings"."key" = ? LIMIT 1  [["key", :existant]]
D, [2011-12-26T00:03:28.888012 #31760] DEBUG -- :   [1m[36mKueStore Load (0.2ms)[0m  [1mSELECT "kue_settings".* FROM "kue_settings" WHERE "kue_settings"."key" = 'delete_me' LIMIT 1[0m
D, [2011-12-26T00:03:28.889309 #31760] DEBUG -- :   [1m[35mSQL (0.2ms)[0m  INSERT INTO "kue_settings" ("created_at", "key", "updated_at", "value") VALUES (?, ?, ?, ?)  [["created_at", 2011-12-26 00:03:28 UTC], ["key", :delete_me], ["updated_at", 2011-12-26 00:03:28 UTC], ["value", nil]]
D, [2011-12-26T00:03:28.890495 #31760] DEBUG -- :   [1m[36m (0.1ms)[0m  [1mUPDATE "kue_settings" SET "value" = '--- 1098
...
', "updated_at" = '2011-12-26 00:03:28.889860' WHERE "kue_settings"."key" = 'delete_me'[0m
D, [2011-12-26T00:03:28.890987 #31760] DEBUG -- :   [1m[35mKueStore Load (0.0ms)[0m  SELECT "kue_settings".* FROM "kue_settings" WHERE "kue_settings"."key" = ? LIMIT 1  [["key", :delete_me]]
D, [2011-12-26T00:03:28.891975 #31760] DEBUG -- :   [1m[36mKueStore Load (0.1ms)[0m  [1mSELECT "kue_settings".* FROM "kue_settings" WHERE "kue_settings"."key" = ? LIMIT 1[0m  [["key", :delete_me]]
D, [2011-12-26T00:03:28.892509 #31760] DEBUG -- :   [1m[35mSQL (0.1ms)[0m  DELETE FROM "kue_settings" WHERE "kue_settings"."key" = ?  [["key", "delete_me"]]
D, [2011-12-26T00:03:28.893265 #31760] DEBUG -- :   [1m[36mKueStore Load (0.0ms)[0m  [1mSELECT "kue_settings".* FROM "kue_settings" WHERE "kue_settings"."key" = ? LIMIT 1[0m  [["key", :delete_me]]
D, [2011-12-26T00:03:28.894555 #31760] DEBUG -- :   [1m[35mKueStore Load (0.1ms)[0m  SELECT "kue_settings".* FROM "kue_settings" WHERE "kue_settings"."key" = ? LIMIT 1  [["key", :non_existant]]
